<?xml version="1.0" encoding="UTF-8"?>
<testsuite xmlns:xsi="http://www.w3.org/2001/XMLSchema-instance" xsi:noNamespaceSchemaLocation="https://maven.apache.org/surefire/maven-surefire-plugin/xsd/surefire-test-report-3.0.xsd" version="3.0" name="TestSuite" time="43.226" tests="1" errors="0" skipped="0" failures="0">
  <properties>
[...]
</properties>
  <testcase name="runScenario[&quot;Install app and open it&quot;, &quot;This is a demo feature file for apk installation&quot;](1)" classname="testRunner.Runner" time="41.768">
    <system-out><![CDATA[
@TestMobile
Scenario: Install app and open it              &amp#27;[90m# src/test/resources/features/Android.feature:4&amp#27;[0m
  &amp#27;[32mGiven &amp#27;[0m&amp#27;[32mUser install "&amp#27;[0m&amp#27;[32m&amp#27;[1mExpenseApp&amp#27;[0m&amp#27;[32m"&amp#27;[0m              &amp#27;[90m# stepDefinitions.android.AndroidSteps.userInstallApp(java.lang.String)&amp#27;[0m
  &amp#27;[32mWhen &amp#27;[0m&amp#27;[32mUser opens "&amp#27;[0m&amp#27;[32m&amp#27;[1mExpenseApp&amp#27;[0m&amp#27;[32m"&amp#27;[0m                 &amp#27;[90m# stepDefinitions.android.AndroidSteps.userOpenApp(java.lang.String)&amp#27;[0m
  &amp#27;[32mThen &amp#27;[0m&amp#27;[32mApplication is loaded with all elements&amp#27;[0m &amp#27;[90m# stepDefinitions.android.AndroidSteps.elementsAreLoaded()&amp#27;[0m
]]></system-out>
    <system-err><![CDATA[SLF4J: Failed to load class "org.slf4j.impl.StaticLoggerBinder".
SLF4J: Defaulting to no-operation (NOP) logger implementation
SLF4J: See http://www.slf4j.org/codes.html#StaticLoggerBinder for further details.
May 28, 2024 6:02:38 PM io.appium.java_client.remote.AppiumCommandExecutor$1 lambda$0
INFO: Detected dialect: W3C
]]></system-err>
  </testcase>
</testsuite>