<?xml version="1.0" encoding="UTF-8"?>
<testng-results ignored="0" total="1" passed="1" failed="0" skipped="0">
  <reporter-output>
  </reporter-output>
  <suite started-at="2024-05-28T19:10:56 CEST" name="pCloudy Sample Demo" finished-at="2024-05-28T19:11:43 CEST" duration-ms="47170">
    <groups>
      <group name="cucumber">
        <method signature="AbstractTestNGCucumberTests.runScenario(io.cucumber.testng.PickleWrapper,io.cucumber.testng.FeatureWrapper)[pri:0, instance:testRunner.Runner@27462a88]" name="runScenario" class="io.cucumber.testng.AbstractTestNGCucumberTests"/>
      </group> <!-- cucumber -->
    </groups>
    <test started-at="2024-05-28T19:10:56 CEST" name="Android test" finished-at="2024-05-28T19:11:43 CEST" duration-ms="47170">
      <class name="testRunner.Runner">
        <test-method is-config="true" signature="setUpClass(org.testng.ITestContext)[pri:0, instance:testRunner.Runner@27462a88]" started-at="2024-05-28T19:10:56 CEST" name="setUpClass" finished-at="2024-05-28T19:11:38 CEST" duration-ms="41904" status="PASS">
          <params>
            <param index="0">
              <value>
                <![CDATA[org.testng.TestRunner@3664f108]]>
              </value>
            </param>
          </params>
          <reporter-output>
          </reporter-output>
        </test-method> <!-- setUpClass -->
        <test-method signature="runScenario(io.cucumber.testng.PickleWrapper,io.cucumber.testng.FeatureWrapper)[pri:0, instance:testRunner.Runner@27462a88]" started-at="2024-05-28T19:11:38 CEST" name="runScenario" description="Runs Cucumber Scenarios" data-provider="scenarios" finished-at="2024-05-28T19:11:42 CEST" duration-ms="4416" status="PASS">
          <params>
            <param index="0">
              <value>
                <![CDATA["Install app and open it"]]>
              </value>
            </param>
            <param index="1">
              <value>
                <![CDATA["This is a demo feature file for apk installation"]]>
              </value>
            </param>
          </params>
          <reporter-output>
          </reporter-output>
        </test-method> <!-- runScenario -->
        <test-method is-config="true" signature="tearDownClass()[pri:0, instance:testRunner.Runner@27462a88]" started-at="2024-05-28T19:11:42 CEST" name="tearDownClass" finished-at="2024-05-28T19:11:43 CEST" duration-ms="797" status="PASS">
          <reporter-output>
          </reporter-output>
        </test-method> <!-- tearDownClass -->
      </class> <!-- testRunner.Runner -->
    </test> <!-- Android test -->
  </suite> <!-- pCloudy Sample Demo -->
</testng-results>
